# JRE version: OpenJDK Runtime Environment (11.0.10) (build 11.0.10+0-b96-7249189)
# Java VM: OpenJDK 64-Bit Server VM (11.0.10+0-b96-7249189, mixed mode, tiered, compressed oops, g1 gc, windows-amd64)
Heap:
 garbage-first heap   total 546816K, used 218473K [0x0000000080000000, 0x0000000100000000)
  region size 1024K, 25 young (25600K), 13 survivors (13312K)
 Metaspace       used 112689K, capacity 115616K, committed 116012K, reserved 1150976K
  class space    used 14265K, capacity 15364K, committed 15564K, reserved 1048576K
GC Heap History (20 events):
Event: 22.163 GC heap before
{Heap before GC invocations=46 (full 0):
 garbage-first heap   total 481280K, used 415542K [0x0000000080000000, 0x0000000100000000)
  region size 1024K, 233 young (238592K), 7 survivors (7168K)
 Metaspace       used 111951K, capacity 114777K, committed 115244K, reserved 1148928K
  class space    used 14249K, capacity 15342K, committed 15564K, reserved 1048576K
}
Event: 22.169 GC heap after
{Heap after GC invocations=47 (full 0):
 garbage-first heap   total 481280K, used 185495K [0x0000000080000000, 0x0000000100000000)
  region size 1024K, 8 young (8192K), 8 survivors (8192K)
 Metaspace       used 111951K, capacity 114777K, committed 115244K, reserved 1148928K
  class space    used 14249K, capacity 15342K, committed 15564K, reserved 1048576K
}
Event: 22.378 GC heap before
{Heap before GC invocations=47 (full 0):
 garbage-first heap   total 481280K, used 417943K [0x0000000080000000, 0x0000000100000000)
  region size 1024K, 235 young (240640K), 8 survivors (8192K)
 Metaspace       used 111966K, capacity 114841K, committed 115244K, reserved 1148928K
  class space    used 14249K, capacity 15342K, committed 15564K, reserved 1048576K
}
Event: 22.386 GC heap after
{Heap after GC invocations=48 (full 0):
 garbage-first heap   total 481280K, used 186732K [0x0000000080000000, 0x0000000100000000)
  region size 1024K, 9 young (9216K), 9 survivors (9216K)
 Metaspace       used 111966K, capacity 114841K, committed 115244K, reserved 1148928K
  class space    used 14249K, capacity 15342K, committed 15564K, reserved 1048576K
}
Event: 22.644 GC heap before
{Heap before GC invocations=48 (full 0):
 garbage-first heap   total 481280K, used 420204K [0x0000000080000000, 0x0000000100000000)
  region size 1024K, 236 young (241664K), 9 survivors (9216K)
 Metaspace       used 112318K, capacity 115240K, committed 115500K, reserved 1148928K
  class space    used 14249K, capacity 15342K, committed 15564K, reserved 1048576K
}
Event: 22.650 GC heap after
{Heap after GC invocations=49 (full 0):
 garbage-first heap   total 481280K, used 187383K [0x0000000080000000, 0x0000000100000000)
  region size 1024K, 10 young (10240K), 10 survivors (10240K)
 Metaspace       used 112318K, capacity 115240K, committed 115500K, reserved 1148928K
  class space    used 14249K, capacity 15342K, committed 15564K, reserved 1048576K
}
Event: 22.875 GC heap before
{Heap before GC invocations=49 (full 0):
 garbage-first heap   total 481280K, used 419831K [0x0000000080000000, 0x0000000100000000)
  region size 1024K, 237 young (242688K), 10 survivors (10240K)
 Metaspace       used 112366K, capacity 115250K, committed 115500K, reserved 1148928K
  class space    used 14251K, capacity 15343K, committed 15564K, reserved 1048576K
}
Event: 22.886 GC heap after
{Heap after GC invocations=50 (full 0):
 garbage-first heap   total 481280K, used 189129K [0x0000000080000000, 0x0000000100000000)
  region size 1024K, 12 young (12288K), 12 survivors (12288K)
 Metaspace       used 112366K, capacity 115250K, committed 115500K, reserved 1148928K
  class space    used 14251K, capacity 15343K, committed 15564K, reserved 1048576K
}
Event: 23.131 GC heap before
{Heap before GC invocations=50 (full 0):
 garbage-first heap   total 481280K, used 419529K [0x0000000080000000, 0x0000000100000000)
  region size 1024K, 237 young (242688K), 12 survivors (12288K)
 Metaspace       used 112485K, capacity 115345K, committed 115756K, reserved 1148928K
  class space    used 14255K, capacity 15349K, committed 15564K, reserved 1048576K
}
Event: 23.140 GC heap after
{Heap after GC invocations=51 (full 0):
 garbage-first heap   total 481280K, used 190828K [0x0000000080000000, 0x0000000100000000)
  region size 1024K, 13 young (13312K), 13 survivors (13312K)
 Metaspace       used 112485K, capacity 115345K, committed 115756K, reserved 1148928K
  class space    used 14255K, capacity 15349K, committed 15564K, reserved 1048576K
}
Event: 23.366 GC heap before
{Heap before GC invocations=51 (full 0):
 garbage-first heap   total 481280K, used 419180K [0x0000000080000000, 0x0000000100000000)
  region size 1024K, 236 young (241664K), 13 survivors (13312K)
 Metaspace       used 112628K, capacity 115529K, committed 115756K, reserved 1148928K
  class space    used 14263K, capacity 15359K, committed 15564K, reserved 1048576K
}
Event: 23.379 GC heap after
{Heap after GC invocations=52 (full 0):
 garbage-first heap   total 481280K, used 200755K [0x0000000080000000, 0x0000000100000000)
  region size 1024K, 22 young (22528K), 22 survivors (22528K)
 Metaspace       used 112628K, capacity 115529K, committed 115756K, reserved 1148928K
  class space    used 14263K, capacity 15359K, committed 15564K, reserved 1048576K
}
Event: 23.537 GC heap before
{Heap before GC invocations=52 (full 0):
 garbage-first heap   total 481280K, used 408627K [0x0000000080000000, 0x0000000100000000)
  region size 1024K, 226 young (231424K), 22 survivors (22528K)
 Metaspace       used 112641K, capacity 115538K, committed 115756K, reserved 1148928K
  class space    used 14264K, capacity 15362K, committed 15564K, reserved 1048576K
}
Event: 23.550 GC heap after
{Heap after GC invocations=53 (full 0):
 garbage-first heap   total 481280K, used 205038K [0x0000000080000000, 0x0000000100000000)
  region size 1024K, 21 young (21504K), 21 survivors (21504K)
 Metaspace       used 112641K, capacity 115538K, committed 115756K, reserved 1148928K
  class space    used 14264K, capacity 15362K, committed 15564K, reserved 1048576K
}
Event: 23.730 GC heap before
{Heap before GC invocations=53 (full 0):
 garbage-first heap   total 481280K, used 410862K [0x0000000080000000, 0x0000000100000000)
  region size 1024K, 222 young (227328K), 21 survivors (21504K)
 Metaspace       used 112651K, capacity 115540K, committed 115756K, reserved 1148928K
  class space    used 14264K, capacity 15362K, committed 15564K, reserved 1048576K
}
Event: 23.739 GC heap after
{Heap after GC invocations=54 (full 0):
 garbage-first heap   total 481280K, used 207992K [0x0000000080000000, 0x0000000100000000)
  region size 1024K, 14 young (14336K), 14 survivors (14336K)
 Metaspace       used 112651K, capacity 115540K, committed 115756K, reserved 1148928K
  class space    used 14264K, capacity 15362K, committed 15564K, reserved 1048576K
}
Event: 23.907 GC heap before
{Heap before GC invocations=54 (full 0):
 garbage-first heap   total 481280K, used 411768K [0x0000000080000000, 0x0000000100000000)
  region size 1024K, 214 young (219136K), 14 survivors (14336K)
 Metaspace       used 112663K, capacity 115541K, committed 115756K, reserved 1148928K
  class space    used 14264K, capacity 15362K, committed 15564K, reserved 1048576K
}
Event: 23.917 GC heap after
{Heap after GC invocations=55 (full 0):
 garbage-first heap   total 546816K, used 207209K [0x0000000080000000, 0x0000000100000000)
  region size 1024K, 13 young (13312K), 13 survivors (13312K)
 Metaspace       used 112663K, capacity 115541K, committed 115756K, reserved 1148928K
  class space    used 14264K, capacity 15362K, committed 15564K, reserved 1048576K
}
Event: 24.116 GC heap before
{Heap before GC invocations=55 (full 0):
 garbage-first heap   total 546816K, used 455017K [0x0000000080000000, 0x0000000100000000)
  region size 1024K, 255 young (261120K), 13 survivors (13312K)
 Metaspace       used 112673K, capacity 115547K, committed 115756K, reserved 1148928K
  class space    used 14265K, capacity 15364K, committed 15564K, reserved 1048576K
}
Event: 24.122 GC heap after
{Heap after GC invocations=56 (full 0):
 garbage-first heap   total 546816K, used 207209K [0x0000000080000000, 0x0000000100000000)
  region size 1024K, 13 young (13312K), 13 survivors (13312K)
 Metaspace       used 112673K, capacity 115547K, committed 115756K, reserved 1148928K
  class space    used 14265K, capacity 15364K, committed 15564K, reserved 1048576K
}

